<?xml version="1.0" encoding="UTF-8"?>
<!-- Generated by org.testng.reporters.JUnitReportReporter -->
<testsuite hostname="Haydar" failures="0" tests="1" name="tests.GmailUnreadEmailTest" time="6.373" errors="0" timestamp="2025-04-27T22:02:32 ICT" skipped="0">
  <testcase classname="tests.GmailUnreadEmailTest" name="testLogLastUnreadEmailTitle" time="6.373"/>
</testsuite> <!-- tests.GmailUnreadEmailTest -->
