<?xml version="1.0" encoding="UTF-8"?>
<!-- Generated by org.testng.reporters.JUnitReportReporter -->
<testsuite hostname="Haydar" failures="0" tests="1" name="tests.GmailUnreadEmailTest" time="5.809" errors="0" timestamp="2025-04-27T22:12:04 ICT" skipped="0">
  <testcase classname="tests.GmailUnreadEmailTest" name="testLogFiveUnreadEmailTitles" time="5.809"/>
</testsuite> <!-- tests.GmailUnreadEmailTest -->
