<?xml version="1.0" encoding="UTF-8"?>
<!-- Generated by org.testng.reporters.JUnitReportReporter -->
<testsuite hostname="Haydar" failures="0" tests="1" name="tests.GmailUnreadEmailTest" time="9.614" errors="0" timestamp="2025-04-27T23:23:31 ICT" skipped="0">
  <testcase classname="tests.GmailUnreadEmailTest" name="testLogAndDeleteFirstUnreadEmail" time="9.614"/>
</testsuite> <!-- tests.GmailUnreadEmailTest -->
