<?xml version="1.0" encoding="UTF-8"?>
<!-- Generated by org.testng.reporters.JUnitReportReporter -->
<testsuite hostname="Haydar" failures="0" tests="1" name="tests.GmailUnreadEmailTest" time="5.096" errors="0" timestamp="2025-04-27T21:56:17 ICT" skipped="0">
  <testcase classname="tests.GmailUnreadEmailTest" name="testLogLastUnreadEmailTitle" time="5.096"/>
</testsuite> <!-- tests.GmailUnreadEmailTest -->
